[0.046s] DEBUG:colcon:Command line arguments: ['/usr/bin/colcon', 'build']
[0.047s] DEBUG:colcon:Parsed command line arguments: Namespace(log_base=None, log_level=None, verb_name='build', build_base='build', install_base='install', merge_install=False, symlink_install=False, test_result_base=None, continue_on_error=False, executor='parallel', parallel_workers=28, event_handlers=None, ignore_user_meta=False, metas=['./colcon.meta'], base_paths=['.'], packages_ignore=None, packages_ignore_regex=None, paths=None, packages_up_to=None, packages_up_to_regex=None, packages_above=None, packages_above_and_dependencies=None, packages_above_depth=None, packages_select_by_dep=None, packages_skip_by_dep=None, packages_skip_up_to=None, packages_select_build_failed=False, packages_skip_build_finished=False, packages_select_test_failures=False, packages_skip_test_passed=False, packages_select=None, packages_skip=None, packages_select_regex=None, packages_skip_regex=None, packages_start=None, packages_end=None, cmake_args=None, cmake_target=None, cmake_target_skip_unavailable=False, cmake_clean_cache=False, cmake_clean_first=False, cmake_force_configure=False, ament_cmake_args=None, catkin_cmake_args=None, catkin_skip_building_tests=False, mixin_files=None, mixin=None, verb_parser=<colcon_mixin.mixin.mixin_argument.MixinArgumentDecorator object at 0x7247d48f12d0>, verb_extension=<colcon_core.verb.build.BuildVerb object at 0x7247d48f0c40>, main=<bound method BuildVerb.main of <colcon_core.verb.build.BuildVerb object at 0x7247d48f0c40>>, mixin_verb=('build',))
[0.114s] Level 1:colcon.colcon_core.package_discovery:discover_packages(colcon_meta) check parameters
[0.114s] Level 1:colcon.colcon_core.package_discovery:discover_packages(recursive) check parameters
[0.114s] Level 1:colcon.colcon_core.package_discovery:discover_packages(ignore) check parameters
[0.114s] Level 1:colcon.colcon_core.package_discovery:discover_packages(path) check parameters
[0.114s] Level 1:colcon.colcon_core.package_discovery:discover_packages(colcon_meta) discover
[0.114s] Level 1:colcon.colcon_core.package_discovery:discover_packages(recursive) discover
[0.114s] INFO:colcon.colcon_core.package_discovery:Crawling recursively for packages in '/root/ros/unitree_ws/src'
[0.114s] Level 1:colcon.colcon_core.package_identification:_identify(.) by extensions ['ignore', 'ignore_ament_install']
[0.114s] Level 1:colcon.colcon_core.package_identification:_identify(.) by extension 'ignore'
[0.114s] Level 1:colcon.colcon_core.package_identification:_identify(.) by extension 'ignore_ament_install'
[0.114s] Level 1:colcon.colcon_core.package_identification:_identify(.) by extensions ['colcon_pkg']
[0.114s] Level 1:colcon.colcon_core.package_identification:_identify(.) by extension 'colcon_pkg'
[0.114s] Level 1:colcon.colcon_core.package_identification:_identify(.) by extensions ['colcon_meta']
[0.114s] Level 1:colcon.colcon_core.package_identification:_identify(.) by extension 'colcon_meta'
[0.114s] Level 1:colcon.colcon_core.package_identification:_identify(.) by extensions ['ros']
[0.114s] Level 1:colcon.colcon_core.package_identification:_identify(.) by extension 'ros'
[0.120s] Level 1:colcon.colcon_core.package_identification:_identify(.) by extensions ['cmake', 'python']
[0.120s] Level 1:colcon.colcon_core.package_identification:_identify(.) by extension 'cmake'
[0.120s] Level 1:colcon.colcon_core.package_identification:_identify(.) by extension 'python'
[0.120s] Level 1:colcon.colcon_core.package_identification:_identify(.) by extensions ['python_setup_py']
[0.120s] Level 1:colcon.colcon_core.package_identification:_identify(.) by extension 'python_setup_py'
[0.120s] Level 1:colcon.colcon_core.package_identification:_identify(build) by extensions ['ignore', 'ignore_ament_install']
[0.120s] Level 1:colcon.colcon_core.package_identification:_identify(build) by extension 'ignore'
[0.120s] Level 1:colcon.colcon_core.package_identification:_identify(build) ignored
[0.120s] Level 1:colcon.colcon_core.package_identification:_identify(install) by extensions ['ignore', 'ignore_ament_install']
[0.120s] Level 1:colcon.colcon_core.package_identification:_identify(install) by extension 'ignore'
[0.120s] Level 1:colcon.colcon_core.package_identification:_identify(install) ignored
[0.120s] Level 1:colcon.colcon_core.package_identification:_identify(log) by extensions ['ignore', 'ignore_ament_install']
[0.120s] Level 1:colcon.colcon_core.package_identification:_identify(log) by extension 'ignore'
[0.120s] Level 1:colcon.colcon_core.package_identification:_identify(log) ignored
[0.120s] Level 1:colcon.colcon_core.package_identification:_identify(slam_pkg) by extensions ['ignore', 'ignore_ament_install']
[0.120s] Level 1:colcon.colcon_core.package_identification:_identify(slam_pkg) by extension 'ignore'
[0.120s] Level 1:colcon.colcon_core.package_identification:_identify(slam_pkg) by extension 'ignore_ament_install'
[0.120s] Level 1:colcon.colcon_core.package_identification:_identify(slam_pkg) by extensions ['colcon_pkg']
[0.120s] Level 1:colcon.colcon_core.package_identification:_identify(slam_pkg) by extension 'colcon_pkg'
[0.120s] Level 1:colcon.colcon_core.package_identification:_identify(slam_pkg) by extensions ['colcon_meta']
[0.120s] Level 1:colcon.colcon_core.package_identification:_identify(slam_pkg) by extension 'colcon_meta'
[0.120s] Level 1:colcon.colcon_core.package_identification:_identify(slam_pkg) by extensions ['ros']
[0.120s] Level 1:colcon.colcon_core.package_identification:_identify(slam_pkg) by extension 'ros'
[0.121s] DEBUG:colcon.colcon_core.package_identification:Package 'slam_pkg' with type 'ros.ament_cmake' and name 'slam_pkg'
[0.121s] Level 1:colcon.colcon_core.package_discovery:discover_packages(recursive) using defaults
[0.121s] Level 1:colcon.colcon_core.package_discovery:discover_packages(ignore) discover
[0.121s] Level 1:colcon.colcon_core.package_discovery:discover_packages(ignore) using defaults
[0.121s] Level 1:colcon.colcon_core.package_discovery:discover_packages(path) discover
[0.121s] Level 1:colcon.colcon_core.package_discovery:discover_packages(path) using defaults
[0.131s] Level 5:colcon.colcon_core.verb:set package 'slam_pkg' build argument 'cmake_args' from command line to 'None'
[0.131s] Level 5:colcon.colcon_core.verb:set package 'slam_pkg' build argument 'cmake_target' from command line to 'None'
[0.131s] Level 5:colcon.colcon_core.verb:set package 'slam_pkg' build argument 'cmake_target_skip_unavailable' from command line to 'False'
[0.131s] Level 5:colcon.colcon_core.verb:set package 'slam_pkg' build argument 'cmake_clean_cache' from command line to 'False'
[0.131s] Level 5:colcon.colcon_core.verb:set package 'slam_pkg' build argument 'cmake_clean_first' from command line to 'False'
[0.131s] Level 5:colcon.colcon_core.verb:set package 'slam_pkg' build argument 'cmake_force_configure' from command line to 'False'
[0.131s] Level 5:colcon.colcon_core.verb:set package 'slam_pkg' build argument 'ament_cmake_args' from command line to 'None'
[0.131s] Level 5:colcon.colcon_core.verb:set package 'slam_pkg' build argument 'catkin_cmake_args' from command line to 'None'
[0.131s] Level 5:colcon.colcon_core.verb:set package 'slam_pkg' build argument 'catkin_skip_building_tests' from command line to 'False'
[0.131s] DEBUG:colcon.colcon_core.verb:Building package 'slam_pkg' with the following arguments: {'ament_cmake_args': None, 'build_base': '/root/ros/unitree_ws/src/build/slam_pkg', 'catkin_cmake_args': None, 'catkin_skip_building_tests': False, 'cmake_args': None, 'cmake_clean_cache': False, 'cmake_clean_first': False, 'cmake_force_configure': False, 'cmake_target': None, 'cmake_target_skip_unavailable': False, 'install_base': '/root/ros/unitree_ws/src/install/slam_pkg', 'merge_install': False, 'path': '/root/ros/unitree_ws/src/slam_pkg', 'symlink_install': False, 'test_result_base': None}
[0.131s] INFO:colcon.colcon_core.executor:Executing jobs using 'parallel' executor
[0.132s] DEBUG:colcon.colcon_parallel_executor.executor.parallel:run_until_complete
[0.132s] INFO:colcon.colcon_ros.task.ament_cmake.build:Building ROS package in '/root/ros/unitree_ws/src/slam_pkg' with build type 'ament_cmake'
[0.132s] INFO:colcon.colcon_cmake.task.cmake.build:Building CMake package in '/root/ros/unitree_ws/src/slam_pkg'
[0.134s] INFO:colcon.colcon_core.plugin_system:Skipping extension 'colcon_core.shell.bat': Not used on non-Windows systems
[0.134s] INFO:colcon.colcon_core.shell:Skip shell extension 'powershell' for command environment: Not usable outside of PowerShell
[0.134s] DEBUG:colcon.colcon_core.shell:Skip shell extension 'dsv' for command environment
[0.149s] DEBUG:colcon.colcon_core.event_handler.log_command:Invoking command in '/root/ros/unitree_ws/src/build/slam_pkg': CMAKE_PREFIX_PATH=${CMAKE_PREFIX_PATH}:/opt/ros/humble /usr/bin/cmake /root/ros/unitree_ws/src/slam_pkg -DCMAKE_INSTALL_PREFIX=/root/ros/unitree_ws/src/install/slam_pkg
[0.553s] DEBUG:colcon.colcon_core.event_handler.log_command:Invoked command in '/root/ros/unitree_ws/src/build/slam_pkg' returned '0': CMAKE_PREFIX_PATH=${CMAKE_PREFIX_PATH}:/opt/ros/humble /usr/bin/cmake /root/ros/unitree_ws/src/slam_pkg -DCMAKE_INSTALL_PREFIX=/root/ros/unitree_ws/src/install/slam_pkg
[0.554s] DEBUG:colcon.colcon_core.event_handler.log_command:Invoking command in '/root/ros/unitree_ws/src/build/slam_pkg': CMAKE_PREFIX_PATH=${CMAKE_PREFIX_PATH}:/opt/ros/humble /usr/bin/cmake --build /root/ros/unitree_ws/src/build/slam_pkg -- -j28 -l28
[0.577s] DEBUG:colcon.colcon_core.event_handler.log_command:Invoked command in '/root/ros/unitree_ws/src/build/slam_pkg' returned '0': CMAKE_PREFIX_PATH=${CMAKE_PREFIX_PATH}:/opt/ros/humble /usr/bin/cmake --build /root/ros/unitree_ws/src/build/slam_pkg -- -j28 -l28
[0.583s] DEBUG:colcon.colcon_core.event_handler.log_command:Invoking command in '/root/ros/unitree_ws/src/build/slam_pkg': CMAKE_PREFIX_PATH=${CMAKE_PREFIX_PATH}:/opt/ros/humble /usr/bin/cmake --install /root/ros/unitree_ws/src/build/slam_pkg
[0.592s] Level 1:colcon.colcon_core.environment:create_environment_scripts_only(slam_pkg)
[0.592s] DEBUG:colcon.colcon_core.event_handler.log_command:Invoked command in '/root/ros/unitree_ws/src/build/slam_pkg' returned '0': CMAKE_PREFIX_PATH=${CMAKE_PREFIX_PATH}:/opt/ros/humble /usr/bin/cmake --install /root/ros/unitree_ws/src/build/slam_pkg
[0.594s] Level 1:colcon.colcon_core.environment:checking '/root/ros/unitree_ws/src/install/slam_pkg' for CMake module files
[0.595s] Level 1:colcon.colcon_core.environment:checking '/root/ros/unitree_ws/src/install/slam_pkg' for CMake config files
[0.595s] Level 1:colcon.colcon_core.shell:create_environment_hook('slam_pkg', 'cmake_prefix_path')
[0.595s] INFO:colcon.colcon_core.shell:Creating environment hook '/root/ros/unitree_ws/src/install/slam_pkg/share/slam_pkg/hook/cmake_prefix_path.ps1'
[0.596s] INFO:colcon.colcon_core.shell:Creating environment descriptor '/root/ros/unitree_ws/src/install/slam_pkg/share/slam_pkg/hook/cmake_prefix_path.dsv'
[0.596s] INFO:colcon.colcon_core.shell:Creating environment hook '/root/ros/unitree_ws/src/install/slam_pkg/share/slam_pkg/hook/cmake_prefix_path.sh'
[0.596s] Level 1:colcon.colcon_core.environment:checking '/root/ros/unitree_ws/src/install/slam_pkg/bin'
[0.596s] Level 1:colcon.colcon_core.environment:checking '/root/ros/unitree_ws/src/install/slam_pkg/lib/pkgconfig/slam_pkg.pc'
[0.598s] Level 1:colcon.colcon_core.environment:checking '/root/ros/unitree_ws/src/install/slam_pkg/lib/python3.10/site-packages'
[0.598s] Level 1:colcon.colcon_core.environment:checking '/root/ros/unitree_ws/src/install/slam_pkg/bin'
[0.598s] INFO:colcon.colcon_core.shell:Creating package script '/root/ros/unitree_ws/src/install/slam_pkg/share/slam_pkg/package.ps1'
[0.599s] INFO:colcon.colcon_core.shell:Creating package descriptor '/root/ros/unitree_ws/src/install/slam_pkg/share/slam_pkg/package.dsv'
[0.599s] INFO:colcon.colcon_core.shell:Creating package script '/root/ros/unitree_ws/src/install/slam_pkg/share/slam_pkg/package.sh'
[0.599s] INFO:colcon.colcon_core.shell:Creating package script '/root/ros/unitree_ws/src/install/slam_pkg/share/slam_pkg/package.bash'
[0.600s] INFO:colcon.colcon_core.shell:Creating package script '/root/ros/unitree_ws/src/install/slam_pkg/share/slam_pkg/package.zsh'
[0.600s] Level 1:colcon.colcon_core.environment:create_file_with_runtime_dependencies(/root/ros/unitree_ws/src/install/slam_pkg/share/colcon-core/packages/slam_pkg)
[0.601s] Level 1:colcon.colcon_core.environment:create_environment_scripts_only(slam_pkg)
[0.601s] Level 1:colcon.colcon_core.environment:checking '/root/ros/unitree_ws/src/install/slam_pkg' for CMake module files
[0.601s] Level 1:colcon.colcon_core.environment:checking '/root/ros/unitree_ws/src/install/slam_pkg' for CMake config files
[0.601s] Level 1:colcon.colcon_core.shell:create_environment_hook('slam_pkg', 'cmake_prefix_path')
[0.601s] INFO:colcon.colcon_core.shell:Creating environment hook '/root/ros/unitree_ws/src/install/slam_pkg/share/slam_pkg/hook/cmake_prefix_path.ps1'
[0.602s] INFO:colcon.colcon_core.shell:Creating environment descriptor '/root/ros/unitree_ws/src/install/slam_pkg/share/slam_pkg/hook/cmake_prefix_path.dsv'
[0.602s] INFO:colcon.colcon_core.shell:Creating environment hook '/root/ros/unitree_ws/src/install/slam_pkg/share/slam_pkg/hook/cmake_prefix_path.sh'
[0.602s] Level 1:colcon.colcon_core.environment:checking '/root/ros/unitree_ws/src/install/slam_pkg/bin'
[0.602s] Level 1:colcon.colcon_core.environment:checking '/root/ros/unitree_ws/src/install/slam_pkg/lib/pkgconfig/slam_pkg.pc'
[0.602s] Level 1:colcon.colcon_core.environment:checking '/root/ros/unitree_ws/src/install/slam_pkg/lib/python3.10/site-packages'
[0.602s] Level 1:colcon.colcon_core.environment:checking '/root/ros/unitree_ws/src/install/slam_pkg/bin'
[0.603s] INFO:colcon.colcon_core.shell:Creating package script '/root/ros/unitree_ws/src/install/slam_pkg/share/slam_pkg/package.ps1'
[0.603s] INFO:colcon.colcon_core.shell:Creating package descriptor '/root/ros/unitree_ws/src/install/slam_pkg/share/slam_pkg/package.dsv'
[0.603s] INFO:colcon.colcon_core.shell:Creating package script '/root/ros/unitree_ws/src/install/slam_pkg/share/slam_pkg/package.sh'
[0.603s] INFO:colcon.colcon_core.shell:Creating package script '/root/ros/unitree_ws/src/install/slam_pkg/share/slam_pkg/package.bash'
[0.603s] INFO:colcon.colcon_core.shell:Creating package script '/root/ros/unitree_ws/src/install/slam_pkg/share/slam_pkg/package.zsh'
[0.603s] Level 1:colcon.colcon_core.environment:create_file_with_runtime_dependencies(/root/ros/unitree_ws/src/install/slam_pkg/share/colcon-core/packages/slam_pkg)
[0.603s] DEBUG:colcon.colcon_parallel_executor.executor.parallel:closing loop
[0.604s] DEBUG:colcon.colcon_parallel_executor.executor.parallel:loop closed
[0.604s] DEBUG:colcon.colcon_parallel_executor.executor.parallel:run_until_complete finished with '0'
[0.604s] DEBUG:colcon.colcon_core.event_reactor:joining thread
[0.606s] INFO:colcon.colcon_core.plugin_system:Skipping extension 'colcon_notification.desktop_notification.notify_send': Could not find 'notify-send'
[0.606s] INFO:colcon.colcon_core.plugin_system:Skipping extension 'colcon_notification.desktop_notification.terminal_notifier': Not used on non-Darwin systems
[0.606s] INFO:colcon.colcon_core.plugin_system:Skipping extension 'colcon_notification.desktop_notification.win32': Not used on non-Windows systems
[0.606s] INFO:colcon.colcon_notification.desktop_notification:Sending desktop notification using 'notify2'
[0.608s] DEBUG:colcon.colcon_notification.desktop_notification.notify2:Failed to initialize notify2: org.freedesktop.DBus.Error.Spawn.ExecFailed: /usr/bin/dbus-launch terminated abnormally without any error message
[0.609s] DEBUG:colcon.colcon_core.event_reactor:joined thread
[0.609s] INFO:colcon.colcon_core.shell:Creating prefix script '/root/ros/unitree_ws/src/install/local_setup.ps1'
[0.610s] INFO:colcon.colcon_core.shell:Creating prefix util module '/root/ros/unitree_ws/src/install/_local_setup_util_ps1.py'
[0.612s] INFO:colcon.colcon_core.shell:Creating prefix chain script '/root/ros/unitree_ws/src/install/setup.ps1'
[0.613s] INFO:colcon.colcon_core.shell:Creating prefix script '/root/ros/unitree_ws/src/install/local_setup.sh'
[0.613s] INFO:colcon.colcon_core.shell:Creating prefix util module '/root/ros/unitree_ws/src/install/_local_setup_util_sh.py'
[0.613s] INFO:colcon.colcon_core.shell:Creating prefix chain script '/root/ros/unitree_ws/src/install/setup.sh'
[0.614s] INFO:colcon.colcon_core.shell:Creating prefix script '/root/ros/unitree_ws/src/install/local_setup.bash'
[0.614s] INFO:colcon.colcon_core.shell:Creating prefix chain script '/root/ros/unitree_ws/src/install/setup.bash'
[0.615s] INFO:colcon.colcon_core.shell:Creating prefix script '/root/ros/unitree_ws/src/install/local_setup.zsh'
[0.615s] INFO:colcon.colcon_core.shell:Creating prefix chain script '/root/ros/unitree_ws/src/install/setup.zsh'
