[0.016s] Invoking command in '/root/ros/unitree_ws/src/build/slam_pkg': CMAKE_PREFIX_PATH=${CMAKE_PREFIX_PATH}:/opt/ros/humble /usr/bin/cmake /root/ros/unitree_ws/src/slam_pkg -DCMAKE_INSTALL_PREFIX=/root/ros/unitree_ws/src/install/slam_pkg
[0.053s] -- The C compiler identification is GNU 11.4.0
[0.085s] -- The CXX compiler identification is GNU 11.4.0
[0.089s] -- Detecting C compiler ABI info
[0.136s] -- Detecting C compiler ABI info - done
[0.140s] -- Check for working C compiler: /usr/bin/cc - skipped
[0.140s] -- Detecting C compile features
[0.140s] -- Detecting C compile features - done
[0.142s] -- Detecting CXX compiler ABI info
[0.196s] -- Detecting CXX compiler ABI info - done
[0.202s] -- Check for working CXX compiler: /usr/bin/c++ - skipped
[0.202s] -- Detecting CXX compile features
[0.202s] -- Detecting CXX compile features - done
[0.204s] -- Found ament_cmake: 1.3.14 (/opt/ros/humble/share/ament_cmake/cmake)
[0.304s] -- Found Python3: /usr/bin/python3 (found version "3.10.12") found components: Interpreter 
[0.365s] -- Found ament_lint_auto: 0.12.15 (/opt/ros/humble/share/ament_lint_auto/cmake)
[0.415s] -- Added test 'flake8' to check Python code syntax and style conventions
[0.415s] -- Added test 'lint_cmake' to check CMake code style
[0.415s] -- Added test 'pep257' to check Python code against some of the docstring style conventions in PEP 257
[0.415s] -- Added test 'xmllint' to check XML markup files
[0.416s] -- Configuring done
[0.417s] -- Generating done
[0.418s] -- Build files have been written to: /root/ros/unitree_ws/src/build/slam_pkg
[0.420s] Invoked command in '/root/ros/unitree_ws/src/build/slam_pkg' returned '0': CMAKE_PREFIX_PATH=${CMAKE_PREFIX_PATH}:/opt/ros/humble /usr/bin/cmake /root/ros/unitree_ws/src/slam_pkg -DCMAKE_INSTALL_PREFIX=/root/ros/unitree_ws/src/install/slam_pkg
[0.421s] Invoking command in '/root/ros/unitree_ws/src/build/slam_pkg': CMAKE_PREFIX_PATH=${CMAKE_PREFIX_PATH}:/opt/ros/humble /usr/bin/cmake --build /root/ros/unitree_ws/src/build/slam_pkg -- -j28 -l28
[0.445s] Invoked command in '/root/ros/unitree_ws/src/build/slam_pkg' returned '0': CMAKE_PREFIX_PATH=${CMAKE_PREFIX_PATH}:/opt/ros/humble /usr/bin/cmake --build /root/ros/unitree_ws/src/build/slam_pkg -- -j28 -l28
[0.450s] Invoking command in '/root/ros/unitree_ws/src/build/slam_pkg': CMAKE_PREFIX_PATH=${CMAKE_PREFIX_PATH}:/opt/ros/humble /usr/bin/cmake --install /root/ros/unitree_ws/src/build/slam_pkg
[0.456s] -- Install configuration: ""
[0.456s] -- Installing: /root/ros/unitree_ws/src/install/slam_pkg/share/slam_pkg/launch
[0.456s] -- Installing: /root/ros/unitree_ws/src/install/slam_pkg/share/slam_pkg/launch/slam.launch.py
[0.456s] -- Installing: /root/ros/unitree_ws/src/install/slam_pkg/share/ament_index/resource_index/package_run_dependencies/slam_pkg
[0.456s] -- Installing: /root/ros/unitree_ws/src/install/slam_pkg/share/ament_index/resource_index/parent_prefix_path/slam_pkg
[0.456s] -- Installing: /root/ros/unitree_ws/src/install/slam_pkg/share/slam_pkg/environment/ament_prefix_path.sh
[0.456s] -- Installing: /root/ros/unitree_ws/src/install/slam_pkg/share/slam_pkg/environment/ament_prefix_path.dsv
[0.457s] -- Installing: /root/ros/unitree_ws/src/install/slam_pkg/share/slam_pkg/environment/path.sh
[0.457s] -- Installing: /root/ros/unitree_ws/src/install/slam_pkg/share/slam_pkg/environment/path.dsv
[0.457s] -- Installing: /root/ros/unitree_ws/src/install/slam_pkg/share/slam_pkg/local_setup.bash
[0.457s] -- Installing: /root/ros/unitree_ws/src/install/slam_pkg/share/slam_pkg/local_setup.sh
[0.457s] -- Installing: /root/ros/unitree_ws/src/install/slam_pkg/share/slam_pkg/local_setup.zsh
[0.457s] -- Installing: /root/ros/unitree_ws/src/install/slam_pkg/share/slam_pkg/local_setup.dsv
[0.457s] -- Installing: /root/ros/unitree_ws/src/install/slam_pkg/share/slam_pkg/package.dsv
[0.457s] -- Installing: /root/ros/unitree_ws/src/install/slam_pkg/share/ament_index/resource_index/packages/slam_pkg
[0.458s] -- Installing: /root/ros/unitree_ws/src/install/slam_pkg/share/slam_pkg/cmake/slam_pkgConfig.cmake
[0.458s] -- Installing: /root/ros/unitree_ws/src/install/slam_pkg/share/slam_pkg/cmake/slam_pkgConfig-version.cmake
[0.458s] -- Installing: /root/ros/unitree_ws/src/install/slam_pkg/share/slam_pkg/package.xml
[0.459s] Invoked command in '/root/ros/unitree_ws/src/build/slam_pkg' returned '0': CMAKE_PREFIX_PATH=${CMAKE_PREFIX_PATH}:/opt/ros/humble /usr/bin/cmake --install /root/ros/unitree_ws/src/build/slam_pkg
